Performing C SOURCE FILE Test CMAKE_HAVE_LIBC_PTHREAD failed with the following output:
Change Dir: /root/miniob/build/CMakeFiles/CMakeTmp

Run Build Command(s):/usr/bin/gmake -f Makefile cmTC_9691d/fast && /usr/bin/gmake  -f CMakeFiles/cmTC_9691d.dir/build.make CMakeFiles/cmTC_9691d.dir/build
gmake[1]: Entering directory '/root/miniob/build/CMakeFiles/CMakeTmp'
Building C object CMakeFiles/cmTC_9691d.dir/src.c.o
/usr/bin/cc -DCMAKE_HAVE_LIBC_PTHREAD  -Wall -DCMAKE_EXPORT_COMPILE_COMMANDS=1  -O0 -g -DDEBUG  -fno-omit-frame-pointer -fsanitize=address  -o CMakeFiles/cmTC_9691d.dir/src.c.o -c /root/miniob/build/CMakeFiles/CMakeTmp/src.c
Linking C executable cmTC_9691d
/usr/bin/cmake -E cmake_link_script CMakeFiles/cmTC_9691d.dir/link.txt --verbose=1
/usr/bin/cc  -Wall -DCMAKE_EXPORT_COMPILE_COMMANDS=1  -O0 -g -DDEBUG  -fno-omit-frame-pointer -fsanitize=address  CMakeFiles/cmTC_9691d.dir/src.c.o -o cmTC_9691d 
/usr/bin/ld: CMakeFiles/cmTC_9691d.dir/src.c.o: undefined reference to symbol 'pthread_detach@@GLIBC_2.2.5'
//usr/lib64/libpthread.so.0: error adding symbols: DSO missing from command line
collect2: error: ld returned 1 exit status
gmake[1]: *** [CMakeFiles/cmTC_9691d.dir/build.make:99: cmTC_9691d] Error 1
gmake[1]: Leaving directory '/root/miniob/build/CMakeFiles/CMakeTmp'
gmake: *** [Makefile:127: cmTC_9691d/fast] Error 2


Source file was:
#include <pthread.h>

static void* test_func(void* data)
{
  return data;
}

int main(void)
{
  pthread_t thread;
  pthread_create(&thread, NULL, test_func, NULL);
  pthread_detach(thread);
  pthread_cancel(thread);
  pthread_join(thread, NULL);
  pthread_atfork(NULL, NULL, NULL);
  pthread_exit(NULL);

  return 0;
}

Determining if the function pthread_create exists in the pthreads failed with the following output:
Change Dir: /root/miniob/build/CMakeFiles/CMakeTmp

Run Build Command(s):/usr/bin/gmake -f Makefile cmTC_0581c/fast && /usr/bin/gmake  -f CMakeFiles/cmTC_0581c.dir/build.make CMakeFiles/cmTC_0581c.dir/build
gmake[1]: Entering directory '/root/miniob/build/CMakeFiles/CMakeTmp'
Building C object CMakeFiles/cmTC_0581c.dir/CheckFunctionExists.c.o
/usr/bin/cc   -Wall -DCMAKE_EXPORT_COMPILE_COMMANDS=1  -O0 -g -DDEBUG  -fno-omit-frame-pointer -fsanitize=address -DCHECK_FUNCTION_EXISTS=pthread_create -o CMakeFiles/cmTC_0581c.dir/CheckFunctionExists.c.o -c /usr/share/cmake/Modules/CheckFunctionExists.c
Linking C executable cmTC_0581c
/usr/bin/cmake -E cmake_link_script CMakeFiles/cmTC_0581c.dir/link.txt --verbose=1
/usr/bin/cc  -Wall -DCMAKE_EXPORT_COMPILE_COMMANDS=1  -O0 -g -DDEBUG  -fno-omit-frame-pointer -fsanitize=address -DCHECK_FUNCTION_EXISTS=pthread_create CMakeFiles/cmTC_0581c.dir/CheckFunctionExists.c.o -o cmTC_0581c  -lpthreads 
/usr/bin/ld: cannot find -lpthreads
collect2: error: ld returned 1 exit status
gmake[1]: *** [CMakeFiles/cmTC_0581c.dir/build.make:99: cmTC_0581c] Error 1
gmake[1]: Leaving directory '/root/miniob/build/CMakeFiles/CMakeTmp'
gmake: *** [Makefile:127: cmTC_0581c/fast] Error 2



